Loading pytorch/1.8.1-py39-cuda112
  Loading requirement: intel-mkl/2020.1.217 python/3.9.4 cuda/11.2.1
Fri Sep 16 16:36:58 2022       
+-----------------------------------------------------------------------------+
| NVIDIA-SMI 510.47.03    Driver Version: 510.47.03    CUDA Version: 11.6     |
|-------------------------------+----------------------+----------------------+
| GPU  Name        Persistence-M| Bus-Id        Disp.A | Volatile Uncorr. ECC |
| Fan  Temp  Perf  Pwr:Usage/Cap|         Memory-Usage | GPU-Util  Compute M. |
|                               |                      |               MIG M. |
|===============================+======================+======================|
|   0  Tesla P100-SXM2...  Off  | 00000000:04:00.0 Off |                    0 |
| N/A   40C    P0    32W / 300W |      0MiB / 16384MiB |      0%      Default |
|                               |                      |                  N/A |
+-------------------------------+----------------------+----------------------+
                                                                               
+-----------------------------------------------------------------------------+
| Processes:                                                                  |
|  GPU   GI   CI        PID   Type   Process name                  GPU Memory |
|        ID   ID                                                   Usage      |
|=============================================================================|
|  No running processes found                                                 |
+-----------------------------------------------------------------------------+
Namespace(seed=0, data_root='data/Clothing1M_Official/', data_percent=1, batch_size=64, lr=0.0045, weight_decay=0.001, workers=24, gpu_id=0, num_classes=14, pretrain='Yes', model_dir='model', num_iters_epoch=10, num_epochs=15, TStop_AM=20, TStop_PH=29, T2=7, PES_lr=5e-06, num_networks=2)
val categroy mean 1022 category [1221  891  735 1562 1259 1147  785  435 1362 1021  704  944 1145 1102] precent [1.19429889 0.87151541 0.71892685 1.52784182 1.2314679  1.12191714
 0.76783344 0.42548732 1.33221547 0.99867254 0.68860476 0.92335639
 1.11996087 1.07790121]
NewDataset length: 14313
NewDataset length: 10526
NewDataset length: 1000000
train categroy mean 71428 category [86152 88131 85788 50092 18976 82829 80437 80699 73318 88588 42312 87958
 59663 75057] precent [0.8290994  0.8104818  0.83261728 1.42594768 3.76415322 0.86236187
 0.88800641 0.88512338 0.97422968 0.80630076 1.6881398  0.81207589
 1.19720047 0.95165769]
Train [ 1561/15625]	Time  0.297	Data  0.004	Loss  1.128	Acc@1  61.62
16:45:15 Epoch 0, Val Acc: 69.27
16:45:37 Epoch 0, Test Acc: 68.95
Train [ 1561/15625]	Time  0.293	Data  0.001	Loss  0.796	Acc@1  72.50
16:53:36 Epoch 1, Val Acc: 71.34
16:53:52 Epoch 1, Test Acc: 71.57
Train [ 1561/15625]	Time  0.293	Data  0.001	Loss  0.733	Acc@1  74.64
17:01:51 Epoch 2, Val Acc: 70.75
Train [ 1561/15625]	Time  0.293	Data  0.001	Loss  0.695	Acc@1  75.86
17:09:49 Epoch 3, Val Acc: 71.82
17:10:05 Epoch 3, Test Acc: 71.79
Train [ 1561/15625]	Time  0.293	Data  0.001	Loss  0.668	Acc@1  76.84
17:18:04 Epoch 4, Val Acc: 72.62
17:18:20 Epoch 4, Test Acc: 72.48
Train [ 1561/15625]	Time  0.294	Data  0.002	Loss  0.664	Acc@1  76.93
17:26:21 Epoch 5, Val Acc: 72.13
Train [ 1561/15625]	Time  0.293	Data  0.001	Loss  0.651	Acc@1  77.38
17:34:20 Epoch 6, Val Acc: 70.67
Train [ 1561/15625]	Time  0.293	Data  0.001	Loss  0.655	Acc@1  77.26
17:42:19 Epoch 7, Val Acc: 70.5
Train [ 1561/15625]	Time  0.293	Data  0.001	Loss  0.657	Acc@1  77.36
17:50:17 Epoch 8, Val Acc: 70.81
Train [ 1561/15625]	Time  0.293	Data  0.001	Loss  0.652	Acc@1  77.17
17:58:15 Epoch 9, Val Acc: 70.89
Train [ 1561/15625]	Time  0.293	Data  0.002	Loss  0.629	Acc@1  77.81
18:06:16 Epoch 10, Val Acc: 71.09
Train [ 1561/15625]	Time  0.293	Data  0.001	Loss  0.651	Acc@1  77.20
18:14:14 Epoch 11, Val Acc: 69.5
Train [ 1561/15625]	Time  0.293	Data  0.001	Loss  0.661	Acc@1  76.92
18:22:13 Epoch 12, Val Acc: 70.13
Train [ 1561/15625]	Time  0.293	Data  0.001	Loss  0.678	Acc@1  76.47
18:30:12 Epoch 13, Val Acc: 71.01
Train [ 1561/15625]	Time  0.293	Data  0.001	Loss  0.684	Acc@1  76.22
18:38:10 Epoch 14, Val Acc: 69.93
Train [ 1561/15625]	Time  0.293	Data  0.001	Loss  0.688	Acc@1  76.13
18:46:08 Epoch 15, Val Acc: 70.56
Train [ 1561/15625]	Time  0.293	Data  0.001	Loss  0.697	Acc@1  75.83
18:54:07 Epoch 16, Val Acc: 71.15
Train [ 1561/15625]	Time  0.293	Data  0.001	Loss  0.705	Acc@1  75.40
19:02:06 Epoch 17, Val Acc: 70.42
Train [ 1561/15625]	Time  0.293	Data  0.001	Loss  0.718	Acc@1  75.16
19:10:05 Epoch 18, Val Acc: 68.19
Train [ 1561/15625]	Time  0.293	Data  0.001	Loss  0.731	Acc@1  74.59
19:18:03 Epoch 19, Val Acc: 69.14
Train [ 1561/15625]	Time  0.341	Data  0.002	Loss  0.663	Acc@1  76.90
19:27:18 Epoch 20, Val Acc: 69.37
Train [ 1561/15625]	Time  0.340	Data  0.001	Loss  0.665	Acc@1  76.69
19:36:31 Epoch 21, Val Acc: 68.39
Train [ 1561/15625]	Time  0.340	Data  0.001	Loss  0.678	Acc@1  76.50
19:45:43 Epoch 22, Val Acc: 68.48
Train [ 1561/15625]	Time  0.340	Data  0.001	Loss  0.704	Acc@1  75.64
19:54:55 Epoch 23, Val Acc: 68.08
Train [ 1561/15625]	Time  0.340	Data  0.001	Loss  0.720	Acc@1  75.13
20:04:08 Epoch 24, Val Acc: 68.45
Train [ 1561/15625]	Time  0.340	Data  0.001	Loss  0.734	Acc@1  74.67
20:13:20 Epoch 25, Val Acc: 69.56
Train [ 1561/15625]	Time  0.340	Data  0.001	Loss  0.750	Acc@1  74.10
20:22:33 Epoch 26, Val Acc: 67.2
Train [ 1561/15625]	Time  0.340	Data  0.001	Loss  0.751	Acc@1  74.01
20:31:46 Epoch 27, Val Acc: 65.1
Train [ 1561/15625]	Time  0.340	Data  0.001	Loss  0.766	Acc@1  73.40
20:40:58 Epoch 28, Val Acc: 68.33
Begin to refine network...
Train [ 1561/15625]	Time  0.100	Data  0.002	Loss  2.320	Acc@1  42.46
Train [ 1561/15625]	Time  0.112	Data  0.014	Loss  1.801	Acc@1  63.36
Train [ 1561/15625]	Time  0.099	Data  0.001	Loss  1.446	Acc@1  68.48
Train [ 1561/15625]	Time  0.099	Data  0.001	Loss  1.216	Acc@1  70.54
Train [ 1561/15625]	Time  0.099	Data  0.001	Loss  1.064	Acc@1  71.66
Train [ 1561/15625]	Time  0.099	Data  0.001	Loss  0.972	Acc@1  72.21
Train [ 1561/15625]	Time  0.099	Data  0.001	Loss  0.908	Acc@1  72.43
NewDataset length: 1000000
21:59:27 confident and unconfident num: 745039 254961
NewDataset length: 745039
train categroy mean 53217 category [63997 63563 15370 41309 15011 67327 63197 60458 70336 77619 34302 65720
 44808 62022] precent [0.83155572 0.83723348 3.46239892 1.28826821 3.54520494 0.79042689
 0.84208224 0.88023209 0.75661214 0.68561913 1.55142766 0.80975459
 1.18766897 0.8580354 ]
Train [ 1163/11641]	Time  0.295	Data  0.003	Loss  0.431	Acc@1  87.92
22:05:43 Epoch 30, Val Acc: 67.54
Train [ 1163/11641]	Time  0.293	Data  0.001	Loss  0.415	Acc@1  87.34
22:11:46 Epoch 31, Val Acc: 66.06
Train [ 1163/11641]	Time  0.293	Data  0.001	Loss  0.397	Acc@1  87.74
22:17:49 Epoch 32, Val Acc: 66.83
Train [ 1163/11641]	Time  0.294	Data  0.002	Loss  0.376	Acc@1  88.33
22:23:52 Epoch 33, Val Acc: 68.08
Train [ 1163/11641]	Time  0.293	Data  0.001	Loss  0.374	Acc@1  88.42
22:29:54 Epoch 34, Val Acc: 65.5
Train [ 1163/11641]	Time  0.295	Data  0.003	Loss  0.364	Acc@1  88.55
22:35:59 Epoch 35, Val Acc: 64.25
Train [ 1163/11641]	Time  0.294	Data  0.002	Loss  0.363	Acc@1  88.81
22:42:02 Epoch 36, Val Acc: 67.37
Train [ 1163/11641]	Time  0.293	Data  0.001	Loss  0.367	Acc@1  88.77
22:48:04 Epoch 37, Val Acc: 66.89
Train [ 1163/11641]	Time  0.293	Data  0.001	Loss  0.360	Acc@1  88.93
22:54:07 Epoch 38, Val Acc: 67.92
Train [ 1163/11641]	Time  0.293	Data  0.001	Loss  0.363	Acc@1  88.62
23:00:09 Epoch 39, Val Acc: 66.17
Train [ 1163/11641]	Time  0.294	Data  0.002	Loss  0.348	Acc@1  89.22
23:06:13 Epoch 40, Val Acc: 68.04
Train [ 1163/11641]	Time  0.294	Data  0.002	Loss  0.346	Acc@1  89.29
23:12:15 Epoch 41, Val Acc: 69.06
Train [ 1163/11641]	Time  0.293	Data  0.001	Loss  0.353	Acc@1  88.87
23:18:17 Epoch 42, Val Acc: 68.9
Train [ 1163/11641]	Time  0.293	Data  0.001	Loss  0.352	Acc@1  89.12
23:24:20 Epoch 43, Val Acc: 68.26
Train [ 1163/11641]	Time  0.293	Data  0.001	Loss  0.347	Acc@1  89.14
23:30:28 Epoch 44, Val Acc: 67.56
Train [ 1163/11641]	Time  0.293	Data  0.001	Loss  0.348	Acc@1  89.03
23:36:30 Epoch 45, Val Acc: 67.65
Train [ 1163/11641]	Time  0.293	Data  0.001	Loss  0.346	Acc@1  89.20
23:42:33 Epoch 46, Val Acc: 67.81
Train [ 1163/11641]	Time  0.293	Data  0.001	Loss  0.346	Acc@1  89.35
23:48:35 Epoch 47, Val Acc: 66.45
Train [ 1163/11641]	Time  0.293	Data  0.001	Loss  0.349	Acc@1  89.24
23:54:38 Epoch 48, Val Acc: 66.19
Train [ 1163/11641]	Time  0.293	Data  0.001	Loss  0.354	Acc@1  89.10
00:00:40 Epoch 49, Val Acc: 65.07
Train [ 1163/11641]	Time  0.294	Data  0.002	Loss  0.342	Acc@1  89.36
00:06:44 Epoch 50, Val Acc: 68.35
Train [ 1163/11641]	Time  0.293	Data  0.001	Loss  0.346	Acc@1  89.26
00:12:46 Epoch 51, Val Acc: 65.85
Train [ 1163/11641]	Time  0.293	Data  0.001	Loss  0.334	Acc@1  89.46
00:18:48 Epoch 52, Val Acc: 70.28
Train [ 1163/11641]	Time  0.293	Data  0.001	Loss  0.340	Acc@1  89.54
00:24:49 Epoch 53, Val Acc: 67.58
Train [ 1163/11641]	Time  0.293	Data  0.001	Loss  0.344	Acc@1  89.35
00:30:52 Epoch 54, Val Acc: 65.89
Train [ 1163/11641]	Time  0.293	Data  0.001	Loss  0.330	Acc@1  89.81
00:36:54 Epoch 55, Val Acc: 65.86
Train [ 1163/11641]	Time  0.294	Data  0.002	Loss  0.332	Acc@1  89.51
00:42:57 Epoch 56, Val Acc: 67.85
Train [ 1163/11641]	Time  0.293	Data  0.001	Loss  0.334	Acc@1  89.69
00:48:59 Epoch 57, Val Acc: 68.28
Train [ 1163/11641]	Time  0.293	Data  0.001	Loss  0.326	Acc@1  89.79
00:55:01 Epoch 58, Val Acc: 65.76
Train [ 1163/11641]	Time  0.293	Data  0.001	Loss  0.335	Acc@1  89.44
01:01:04 Epoch 59, Val Acc: 64.54
Train [ 1163/11641]	Time  0.294	Data  0.002	Loss  0.314	Acc@1  90.12
01:07:08 Epoch 60, Val Acc: 69.53
Train [ 1163/11641]	Time  0.293	Data  0.001	Loss  0.312	Acc@1  90.32
01:13:10 Epoch 61, Val Acc: 70.56
Train [ 1163/11641]	Time  0.293	Data  0.001	Loss  0.316	Acc@1  90.02
01:19:12 Epoch 62, Val Acc: 68.57
Train [ 1163/11641]	Time  0.294	Data  0.002	Loss  0.320	Acc@1  90.16
01:25:15 Epoch 63, Val Acc: 69.72
Train [ 1163/11641]	Time  0.293	Data  0.002	Loss  0.312	Acc@1  90.25
01:31:17 Epoch 64, Val Acc: 67.46
Train [ 1163/11641]	Time  0.293	Data  0.001	Loss  0.307	Acc@1  90.54
01:37:20 Epoch 65, Val Acc: 64.95
Train [ 1163/11641]	Time  0.293	Data  0.001	Loss  0.306	Acc@1  90.45
01:43:23 Epoch 66, Val Acc: 70.4
Train [ 1163/11641]	Time  0.293	Data  0.001	Loss  0.294	Acc@1  90.85
01:49:24 Epoch 67, Val Acc: 69.6
Train [ 1163/11641]	Time  0.293	Data  0.001	Loss  0.294	Acc@1  90.91
01:55:26 Epoch 68, Val Acc: 69.31
Train [ 1163/11641]	Time  0.293	Data  0.001	Loss  0.285	Acc@1  91.33
02:01:28 Epoch 69, Val Acc: 70.4
Train [ 1163/11641]	Time  0.294	Data  0.002	Loss  0.269	Acc@1  91.68
02:07:31 Epoch 70, Val Acc: 69.24
Train [ 1163/11641]	Time  0.293	Data  0.001	Loss  0.266	Acc@1  91.78
02:13:33 Epoch 71, Val Acc: 69.66
Train [ 1163/11641]	Time  0.293	Data  0.001	Loss  0.257	Acc@1  92.01
02:19:35 Epoch 72, Val Acc: 69.26
Train [ 1163/11641]	Time  0.293	Data  0.001	Loss  0.262	Acc@1  91.92
02:25:37 Epoch 73, Val Acc: 70.29
Train [ 1163/11641]	Time  0.293	Data  0.001	Loss  0.243	Acc@1  92.40
02:31:39 Epoch 74, Val Acc: 71.41
Train [ 1163/11641]	Time  0.293	Data  0.001	Loss  0.244	Acc@1  92.41
02:37:41 Epoch 75, Val Acc: 71.45
Train [ 1163/11641]	Time  0.293	Data  0.001	Loss  0.228	Acc@1  92.88
02:43:43 Epoch 76, Val Acc: 71.58
Train [ 1163/11641]	Time  0.293	Data  0.001	Loss  0.221	Acc@1  93.23
02:49:45 Epoch 77, Val Acc: 71.9
Train [ 1163/11641]	Time  0.293	Data  0.001	Loss  0.214	Acc@1  93.51
02:55:47 Epoch 78, Val Acc: 71.77
Train [ 1163/11641]	Time  0.293	Data  0.001	Loss  0.203	Acc@1  93.80
03:01:49 Epoch 79, Val Acc: 72.22
Train [ 1163/11641]	Time  0.293	Data  0.002	Loss  0.178	Acc@1  94.50
03:07:52 Epoch 80, Val Acc: 72.97
03:08:10 Epoch 80, Test Acc: 72.58
Train [ 1163/11641]	Time  0.293	Data  0.001	Loss  0.171	Acc@1  94.78
03:14:13 Epoch 81, Val Acc: 73.21
03:14:29 Epoch 81, Test Acc: 73.06
Train [ 1163/11641]	Time  0.293	Data  0.001	Loss  0.155	Acc@1  95.23
03:20:32 Epoch 82, Val Acc: 73.09
Train [ 1163/11641]	Time  0.293	Data  0.001	Loss  0.151	Acc@1  95.48
03:26:34 Epoch 83, Val Acc: 73.2
Train [ 1163/11641]	Time  0.293	Data  0.001	Loss  0.142	Acc@1  95.70
03:32:36 Epoch 84, Val Acc: 73.67
03:32:52 Epoch 84, Test Acc: 73.31
Train [ 1163/11641]	Time  0.293	Data  0.001	Loss  0.135	Acc@1  95.93
03:38:55 Epoch 85, Val Acc: 73.61
Train [ 1163/11641]	Time  0.293	Data  0.001	Loss  0.129	Acc@1  96.12
03:44:57 Epoch 86, Val Acc: 74.03
03:45:13 Epoch 86, Test Acc: 73.52
Train [ 1163/11641]	Time  0.293	Data  0.001	Loss  0.121	Acc@1  96.31
03:51:16 Epoch 87, Val Acc: 73.8
Train [ 1163/11641]	Time  0.293	Data  0.001	Loss  0.116	Acc@1  96.50
03:57:18 Epoch 88, Val Acc: 73.59
Train [ 1163/11641]	Time  0.293	Data  0.001	Loss  0.115	Acc@1  96.55
04:03:20 Epoch 89, Val Acc: 73.55
Train [ 1163/11641]	Time  0.294	Data  0.002	Loss  0.100	Acc@1  97.01
04:09:23 Epoch 90, Val Acc: 73.52
Train [ 1163/11641]	Time  0.293	Data  0.001	Loss  0.103	Acc@1  96.96
04:15:25 Epoch 91, Val Acc: 74.02
Train [ 1163/11641]	Time  0.293	Data  0.001	Loss  0.102	Acc@1  96.97
04:21:27 Epoch 92, Val Acc: 74.08
04:21:43 Epoch 92, Test Acc: 73.74
Train [ 1163/11641]	Time  0.293	Data  0.001	Loss  0.104	Acc@1  96.94
04:27:45 Epoch 93, Val Acc: 74.23
04:28:01 Epoch 93, Test Acc: 74.07
Train [ 1163/11641]	Time  0.293	Data  0.001	Loss  0.105	Acc@1  96.85
04:34:03 Epoch 94, Val Acc: 73.95
Train [ 1163/11641]	Time  0.293	Data  0.001	Loss  0.102	Acc@1  96.98
04:40:06 Epoch 95, Val Acc: 73.73
Train [ 1163/11641]	Time  0.294	Data  0.002	Loss  0.108	Acc@1  96.79
04:46:08 Epoch 96, Val Acc: 73.74
Train [ 1163/11641]	Time  0.293	Data  0.001	Loss  0.106	Acc@1  96.87
04:52:10 Epoch 97, Val Acc: 73.93
Train [ 1163/11641]	Time  0.294	Data  0.002	Loss  0.111	Acc@1  96.72
04:58:14 Epoch 98, Val Acc: 73.26
Train [ 1163/11641]	Time  0.293	Data  0.001	Loss  0.107	Acc@1  96.89
05:04:16 Epoch 99, Val Acc: 73.79
Train [ 1163/11641]	Time  0.294	Data  0.002	Loss  0.094	Acc@1  97.21
05:10:19 Epoch 100, Val Acc: 74.28
05:10:35 Epoch 100, Test Acc: 73.91
Train [ 1163/11641]	Time  0.293	Data  0.001	Loss  0.094	Acc@1  97.17
05:16:38 Epoch 101, Val Acc: 73.88
Train [ 1163/11641]	Time  0.293	Data  0.001	Loss  0.096	Acc@1  97.14
05:22:40 Epoch 102, Val Acc: 74.02
Train [ 1163/11641]	Time  0.293	Data  0.001	Loss  0.099	Acc@1  96.97
05:28:42 Epoch 103, Val Acc: 74.13
Train [ 1163/11641]	Time  0.293	Data  0.001	Loss  0.096	Acc@1  97.16
05:34:45 Epoch 104, Val Acc: 73.73
Train [ 1163/11641]	Time  0.293	Data  0.001	Loss  0.098	Acc@1  97.14
05:40:46 Epoch 105, Val Acc: 73.57
Train [ 1163/11641]	Time  0.293	Data  0.001	Loss  0.098	Acc@1  97.05
05:46:49 Epoch 106, Val Acc: 74.33
05:47:07 Epoch 106, Test Acc: 74.14
Train [ 1163/11641]	Time  0.293	Data  0.001	Loss  0.095	Acc@1  97.24
05:53:09 Epoch 107, Val Acc: 73.46
Train [ 1163/11641]	Time  0.293	Data  0.001	Loss  0.093	Acc@1  97.23
05:59:12 Epoch 108, Val Acc: 74.17
Train [ 1163/11641]	Time  0.293	Data  0.001	Loss  0.093	Acc@1  97.28
06:05:14 Epoch 109, Val Acc: 74.19
Train [ 1163/11641]	Time  0.294	Data  0.003	Loss  0.082	Acc@1  97.66
06:11:18 Epoch 110, Val Acc: 73.87
Train [ 1163/11641]	Time  0.293	Data  0.001	Loss  0.083	Acc@1  97.56
06:17:20 Epoch 111, Val Acc: 73.61
Train [ 1163/11641]	Time  0.293	Data  0.001	Loss  0.084	Acc@1  97.53
06:23:22 Epoch 112, Val Acc: 74.32
Train [ 1163/11641]	Time  0.293	Data  0.001	Loss  0.083	Acc@1  97.55
06:29:24 Epoch 113, Val Acc: 74.05
Train [ 1163/11641]	Time  0.293	Data  0.001	Loss  0.081	Acc@1  97.67
06:35:26 Epoch 114, Val Acc: 73.68
Train [ 1163/11641]	Time  0.293	Data  0.001	Loss  0.082	Acc@1  97.59
06:41:28 Epoch 115, Val Acc: 74.52
06:41:48 Epoch 115, Test Acc: 73.95
Train [ 1163/11641]	Time  0.293	Data  0.001	Loss  0.082	Acc@1  97.57
06:47:52 Epoch 116, Val Acc: 74.51
Train [ 1163/11641]	Time  0.294	Data  0.001	Loss  0.080	Acc@1  97.69
06:53:55 Epoch 117, Val Acc: 74.07
Train [ 1163/11641]	Time  0.293	Data  0.001	Loss  0.078	Acc@1  97.77
06:59:57 Epoch 118, Val Acc: 74.28
Train [ 1163/11641]	Time  0.294	Data  0.003	Loss  0.079	Acc@1  97.65
07:06:01 Epoch 119, Val Acc: 74.54
07:06:17 Epoch 119, Test Acc: 74.15
Train [ 1163/11641]	Time  0.294	Data  0.002	Loss  0.067	Acc@1  98.05
07:12:21 Epoch 120, Val Acc: 74.62
07:12:37 Epoch 120, Test Acc: 74.21
Train [ 1163/11641]	Time  0.293	Data  0.001	Loss  0.066	Acc@1  98.10
07:18:40 Epoch 121, Val Acc: 74.31
Train [ 1163/11641]	Time  0.297	Data  0.005	Loss  0.064	Acc@1  98.12
07:24:47 Epoch 122, Val Acc: 74.37
Train [ 1163/11641]	Time  0.296	Data  0.004	Loss  0.067	Acc@1  98.08
07:30:53 Epoch 123, Val Acc: 74.16
Train [ 1163/11641]	Time  0.294	Data  0.002	Loss  0.063	Acc@1  98.13
07:36:56 Epoch 124, Val Acc: 74.39
Train [ 1163/11641]	Time  0.293	Data  0.002	Loss  0.063	Acc@1  98.23
07:42:59 Epoch 125, Val Acc: 74.36
Train [ 1163/11641]	Time  0.293	Data  0.001	Loss  0.062	Acc@1  98.28
07:49:00 Epoch 126, Val Acc: 74.27
Train [ 1163/11641]	Time  0.299	Data  0.007	Loss  0.062	Acc@1  98.17
07:55:10 Epoch 127, Val Acc: 74.74
07:55:25 Epoch 127, Test Acc: 74.58
Train [ 1163/11641]	Time  0.296	Data  0.005	Loss  0.061	Acc@1  98.23
08:01:32 Epoch 128, Val Acc: 74.59
Train [ 1163/11641]	Time  0.297	Data  0.004	Loss  0.061	Acc@1  98.28
08:07:39 Epoch 129, Val Acc: 74.47
Train [ 1163/11641]	Time  0.296	Data  0.004	Loss  0.050	Acc@1  98.62
08:13:46 Epoch 130, Val Acc: 74.28
Train [ 1163/11641]	Time  0.293	Data  0.001	Loss  0.051	Acc@1  98.57
08:19:48 Epoch 131, Val Acc: 74.26
Train [ 1163/11641]	Time  0.295	Data  0.003	Loss  0.049	Acc@1  98.63
08:25:52 Epoch 132, Val Acc: 74.17
Train [ 1163/11641]	Time  0.294	Data  0.002	Loss  0.049	Acc@1  98.65
08:31:55 Epoch 133, Val Acc: 74.53
Train [ 1163/11641]	Time  0.293	Data  0.001	Loss  0.048	Acc@1  98.66
08:37:57 Epoch 134, Val Acc: 74.6
Train [ 1163/11641]	Time  0.294	Data  0.002	Loss  0.046	Acc@1  98.73
08:44:00 Epoch 135, Val Acc: 74.34
Train [ 1163/11641]	Time  0.293	Data  0.001	Loss  0.046	Acc@1  98.80
08:50:03 Epoch 136, Val Acc: 74.43
Train [ 1163/11641]	Time  0.295	Data  0.003	Loss  0.046	Acc@1  98.75
08:56:07 Epoch 137, Val Acc: 74.48
Train [ 1163/11641]	Time  0.297	Data  0.005	Loss  0.045	Acc@1  98.78
09:02:14 Epoch 138, Val Acc: 74.49
Train [ 1163/11641]	Time  0.294	Data  0.002	Loss  0.045	Acc@1  98.77
09:08:17 Epoch 139, Val Acc: 74.58
Train [ 1163/11641]	Time  0.294	Data  0.002	Loss  0.041	Acc@1  98.94
09:14:21 Epoch 140, Val Acc: 74.74
09:14:40 Epoch 140, Test Acc: 74.9
Train [ 1163/11641]	Time  0.293	Data  0.001	Loss  0.040	Acc@1  98.99
09:20:42 Epoch 141, Val Acc: 74.6
Train [ 1163/11641]	Time  0.293	Data  0.001	Loss  0.040	Acc@1  98.97
09:26:45 Epoch 142, Val Acc: 74.7
Train [ 1163/11641]	Time  0.294	Data  0.002	Loss  0.039	Acc@1  98.98
09:32:49 Epoch 143, Val Acc: 74.65
Train [ 1163/11641]	Time  0.293	Data  0.001	Loss  0.039	Acc@1  98.94
09:38:50 Epoch 144, Val Acc: 74.51
Train [ 1163/11641]	Time  0.295	Data  0.003	Loss  0.037	Acc@1  99.04
09:44:55 Epoch 145, Val Acc: 74.48
Train [ 1163/11641]	Time  0.298	Data  0.006	Loss  0.040	Acc@1  98.97
09:51:04 Epoch 146, Val Acc: 74.69
Train [ 1163/11641]	Time  0.293	Data  0.001	Loss  0.040	Acc@1  98.99
09:57:06 Epoch 147, Val Acc: 74.62
Train [ 1163/11641]	Time  0.296	Data  0.004	Loss  0.039	Acc@1  99.02
10:03:11 Epoch 148, Val Acc: 74.72
Train [ 1163/11641]	Time  0.294	Data  0.002	Loss  0.039	Acc@1  98.98
10:09:14 Epoch 149, Val Acc: 74.59
10:09:14 Model1 Best Test Acc: 74.89520263671875
Train [ 1561/15625]	Time  0.294	Data  0.002	Loss  1.123	Acc@1  61.73
10:17:15 Epoch 0, Val Acc: 69.2
10:17:34 Epoch 0, Test Acc: 69.84
Train [ 1561/15625]	Time  0.293	Data  0.001	Loss  0.790	Acc@1  72.59
10:25:34 Epoch 1, Val Acc: 70.96
10:25:50 Epoch 1, Test Acc: 71.12
Train [ 1561/15625]	Time  0.293	Data  0.001	Loss  0.731	Acc@1  74.53
10:33:49 Epoch 2, Val Acc: 71.61
10:34:05 Epoch 2, Test Acc: 70.91
Train [ 1561/15625]	Time  0.293	Data  0.001	Loss  0.700	Acc@1  75.60
10:42:05 Epoch 3, Val Acc: 71.21
Train [ 1561/15625]	Time  0.293	Data  0.001	Loss  0.668	Acc@1  76.55
10:50:04 Epoch 4, Val Acc: 71.4
Train [ 1561/15625]	Time  0.293	Data  0.001	Loss  0.667	Acc@1  76.92
10:58:02 Epoch 5, Val Acc: 71.11
Train [ 1561/15625]	Time  0.293	Data  0.001	Loss  0.656	Acc@1  77.26
11:06:01 Epoch 6, Val Acc: 72.64
11:06:18 Epoch 6, Test Acc: 72.45
Train [ 1561/15625]	Time  0.293	Data  0.001	Loss  0.651	Acc@1  77.09
11:14:17 Epoch 7, Val Acc: 71.1
Train [ 1561/15625]	Time  0.293	Data  0.001	Loss  0.658	Acc@1  77.12
11:22:15 Epoch 8, Val Acc: 70.13
Train [ 1561/15625]	Time  0.293	Data  0.001	Loss  0.656	Acc@1  77.33
11:30:14 Epoch 9, Val Acc: 72.06
Train [ 1561/15625]	Time  0.294	Data  0.002	Loss  0.637	Acc@1  77.65
11:38:14 Epoch 10, Val Acc: 70.41
Train [ 1561/15625]	Time  0.293	Data  0.001	Loss  0.650	Acc@1  77.20
11:46:13 Epoch 11, Val Acc: 69.78
Train [ 1561/15625]	Time  0.293	Data  0.001	Loss  0.661	Acc@1  77.07
11:54:12 Epoch 12, Val Acc: 69.39
Train [ 1561/15625]	Time  0.293	Data  0.001	Loss  0.668	Acc@1  76.64
12:02:10 Epoch 13, Val Acc: 70.92
Train [ 1561/15625]	Time  0.293	Data  0.001	Loss  0.686	Acc@1  76.19
12:10:09 Epoch 14, Val Acc: 70.31
Train [ 1561/15625]	Time  0.293	Data  0.001	Loss  0.690	Acc@1  76.10
12:18:08 Epoch 15, Val Acc: 69.27
Train [ 1561/15625]	Time  0.293	Data  0.001	Loss  0.707	Acc@1  75.39
12:26:06 Epoch 16, Val Acc: 71.67
Train [ 1561/15625]	Time  0.293	Data  0.001	Loss  0.709	Acc@1  75.34
12:34:05 Epoch 17, Val Acc: 67.65
Train [ 1561/15625]	Time  0.293	Data  0.001	Loss  0.719	Acc@1  74.91
12:42:04 Epoch 18, Val Acc: 65.93
Train [ 1561/15625]	Time  0.293	Data  0.001	Loss  0.736	Acc@1  74.62
12:50:02 Epoch 19, Val Acc: 66.96
Train [ 1561/15625]	Time  0.344	Data  0.004	Loss  0.655	Acc@1  77.10
12:59:21 Epoch 20, Val Acc: 70.07
Train [ 1561/15625]	Time  0.340	Data  0.001	Loss  0.672	Acc@1  76.57
13:08:34 Epoch 21, Val Acc: 71.06
Train [ 1561/15625]	Time  0.340	Data  0.001	Loss  0.683	Acc@1  76.36
13:17:47 Epoch 22, Val Acc: 68.18
Train [ 1561/15625]	Time  0.340	Data  0.001	Loss  0.697	Acc@1  75.77
13:26:59 Epoch 23, Val Acc: 69.93
Train [ 1561/15625]	Time  0.340	Data  0.001	Loss  0.715	Acc@1  75.06
13:36:12 Epoch 24, Val Acc: 67.34
Train [ 1561/15625]	Time  0.340	Data  0.001	Loss  0.735	Acc@1  74.65
13:45:25 Epoch 25, Val Acc: 65.4
Train [ 1561/15625]	Time  0.340	Data  0.001	Loss  0.749	Acc@1  74.03
13:54:38 Epoch 26, Val Acc: 64.02
Train [ 1561/15625]	Time  0.340	Data  0.001	Loss  0.756	Acc@1  73.56
14:03:51 Epoch 27, Val Acc: 68.4
Train [ 1561/15625]	Time  0.340	Data  0.001	Loss  0.764	Acc@1  73.56
14:13:04 Epoch 28, Val Acc: 66.3
Begin to refine network...
Train [ 1561/15625]	Time  0.100	Data  0.002	Loss  2.306	Acc@1  41.16
Train [ 1561/15625]	Time  0.099	Data  0.001	Loss  1.798	Acc@1  61.55
Train [ 1561/15625]	Time  0.101	Data  0.003	Loss  1.452	Acc@1  67.76
Train [ 1561/15625]	Time  0.099	Data  0.001	Loss  1.237	Acc@1  69.48
Train [ 1561/15625]	Time  0.099	Data  0.001	Loss  1.087	Acc@1  70.73
Train [ 1561/15625]	Time  0.099	Data  0.001	Loss  0.993	Acc@1  71.56
Train [ 1561/15625]	Time  0.101	Data  0.003	Loss  0.928	Acc@1  72.23
NewDataset length: 1000000
15:25:01 confident and unconfident num: 739736 260264
NewDataset length: 739736
train categroy mean 52838 category [59652 66594 15820 40490 14880 66136 59528 58225 70744 75440 36172 66859
 45300 63896] precent [0.88577559 0.79343913 3.33996749 1.30497125 3.55096006 0.7989338
 0.88762071 0.90748451 0.74689423 0.70040145 1.46075101 0.79029429
 1.16640807 0.826942  ]
Train [ 1154/11558]	Time  0.295	Data  0.003	Loss  0.433	Acc@1  88.10
15:31:10 Epoch 30, Val Acc: 66.92
Train [ 1154/11558]	Time  0.294	Data  0.001	Loss  0.423	Acc@1  87.33
15:37:11 Epoch 31, Val Acc: 66.99
Train [ 1154/11558]	Time  0.294	Data  0.001	Loss  0.402	Acc@1  87.77
15:43:11 Epoch 32, Val Acc: 67.35
Train [ 1154/11558]	Time  0.294	Data  0.001	Loss  0.393	Acc@1  87.90
15:49:11 Epoch 33, Val Acc: 67.03
Train [ 1154/11558]	Time  0.294	Data  0.001	Loss  0.368	Acc@1  88.75
15:55:12 Epoch 34, Val Acc: 67.57
Train [ 1154/11558]	Time  0.295	Data  0.003	Loss  0.378	Acc@1  88.52
16:01:14 Epoch 35, Val Acc: 67.07
Train [ 1154/11558]	Time  0.293	Data  0.001	Loss  0.364	Acc@1  88.92
16:07:13 Epoch 36, Val Acc: 68.52
Train [ 1154/11558]	Time  0.293	Data  0.001	Loss  0.372	Acc@1  88.64
16:13:13 Epoch 37, Val Acc: 68.56
Train [ 1154/11558]	Time  0.293	Data  0.001	Loss  0.370	Acc@1  88.53
16:19:13 Epoch 38, Val Acc: 67.96
Train [ 1154/11558]	Time  0.293	Data  0.001	Loss  0.360	Acc@1  88.89
16:25:13 Epoch 39, Val Acc: 68.05
Train [ 1154/11558]	Time  0.294	Data  0.002	Loss  0.355	Acc@1  88.98
16:31:14 Epoch 40, Val Acc: 68.87
Train [ 1154/11558]	Time  0.293	Data  0.001	Loss  0.351	Acc@1  88.95
16:37:13 Epoch 41, Val Acc: 69.82
Train [ 1154/11558]	Time  0.293	Data  0.001	Loss  0.359	Acc@1  88.93
16:43:13 Epoch 42, Val Acc: 67.72
Train [ 1154/11558]	Time  0.293	Data  0.001	Loss  0.352	Acc@1  89.17
16:49:13 Epoch 43, Val Acc: 68.15
Train [ 1154/11558]	Time  0.293	Data  0.001	Loss  0.357	Acc@1  89.05
16:55:12 Epoch 44, Val Acc: 70.6
Train [ 1154/11558]	Time  0.293	Data  0.001	Loss  0.357	Acc@1  88.94
17:01:12 Epoch 45, Val Acc: 68.13
Train [ 1154/11558]	Time  0.293	Data  0.001	Loss  0.353	Acc@1  89.33
17:07:11 Epoch 46, Val Acc: 63.79
Train [ 1154/11558]	Time  0.293	Data  0.001	Loss  0.362	Acc@1  88.79
17:13:11 Epoch 47, Val Acc: 65.2
Train [ 1154/11558]	Time  0.293	Data  0.001	Loss  0.343	Acc@1  89.33
17:19:11 Epoch 48, Val Acc: 68.34
Train [ 1154/11558]	Time  0.293	Data  0.001	Loss  0.358	Acc@1  89.08
17:25:11 Epoch 49, Val Acc: 68.09
Train [ 1154/11558]	Time  0.294	Data  0.002	Loss  0.335	Acc@1  89.67
17:31:12 Epoch 50, Val Acc: 69.46
Train [ 1154/11558]	Time  0.293	Data  0.001	Loss  0.348	Acc@1  89.38
17:37:11 Epoch 51, Val Acc: 66.71
Train [ 1154/11558]	Time  0.293	Data  0.001	Loss  0.346	Acc@1  89.42
17:43:11 Epoch 52, Val Acc: 65.93
Train [ 1154/11558]	Time  0.293	Data  0.001	Loss  0.345	Acc@1  89.33
17:49:10 Epoch 53, Val Acc: 66.94
Train [ 1154/11558]	Time  0.293	Data  0.001	Loss  0.343	Acc@1  89.60
17:55:10 Epoch 54, Val Acc: 68.89
Train [ 1154/11558]	Time  0.293	Data  0.001	Loss  0.344	Acc@1  89.27
18:01:10 Epoch 55, Val Acc: 66.64
Train [ 1154/11558]	Time  0.293	Data  0.001	Loss  0.329	Acc@1  89.88
18:07:10 Epoch 56, Val Acc: 67.27
Train [ 1154/11558]	Time  0.293	Data  0.001	Loss  0.337	Acc@1  89.63
18:13:09 Epoch 57, Val Acc: 69.61
Train [ 1154/11558]	Time  0.293	Data  0.001	Loss  0.338	Acc@1  89.68
18:19:09 Epoch 58, Val Acc: 68.68
Train [ 1154/11558]	Time  0.293	Data  0.001	Loss  0.332	Acc@1  89.80
18:25:08 Epoch 59, Val Acc: 68.72
Train [ 1154/11558]	Time  0.294	Data  0.002	Loss  0.334	Acc@1  89.66
18:31:10 Epoch 60, Val Acc: 67.78
Train [ 1154/11558]	Time  0.293	Data  0.001	Loss  0.317	Acc@1  90.31
18:37:09 Epoch 61, Val Acc: 68.66
Train [ 1154/11558]	Time  0.293	Data  0.001	Loss  0.321	Acc@1  90.26
18:43:09 Epoch 62, Val Acc: 70.05
Train [ 1154/11558]	Time  0.293	Data  0.001	Loss  0.311	Acc@1  90.55
18:49:08 Epoch 63, Val Acc: 70.01
Train [ 1154/11558]	Time  0.293	Data  0.001	Loss  0.309	Acc@1  90.52
18:55:08 Epoch 64, Val Acc: 67.02
Train [ 1154/11558]	Time  0.293	Data  0.001	Loss  0.311	Acc@1  90.51
19:01:08 Epoch 65, Val Acc: 67.93
Train [ 1154/11558]	Time  0.293	Data  0.001	Loss  0.312	Acc@1  90.23
19:07:08 Epoch 66, Val Acc: 68.85
Train [ 1154/11558]	Time  0.293	Data  0.001	Loss  0.295	Acc@1  90.90
19:13:07 Epoch 67, Val Acc: 70.0
Train [ 1154/11558]	Time  0.293	Data  0.001	Loss  0.297	Acc@1  91.00
19:19:07 Epoch 68, Val Acc: 69.73
Train [ 1154/11558]	Time  0.295	Data  0.003	Loss  0.294	Acc@1  91.02
19:25:09 Epoch 69, Val Acc: 70.98
Train [ 1154/11558]	Time  0.294	Data  0.002	Loss  0.278	Acc@1  91.62
19:31:10 Epoch 70, Val Acc: 69.91
Train [ 1154/11558]	Time  0.293	Data  0.001	Loss  0.272	Acc@1  91.71
19:37:09 Epoch 71, Val Acc: 69.12
Train [ 1154/11558]	Time  0.293	Data  0.001	Loss  0.266	Acc@1  91.82
19:43:09 Epoch 72, Val Acc: 70.6
Train [ 1154/11558]	Time  0.293	Data  0.001	Loss  0.258	Acc@1  92.08
19:49:09 Epoch 73, Val Acc: 69.01
Train [ 1154/11558]	Time  0.293	Data  0.001	Loss  0.254	Acc@1  92.28
19:55:08 Epoch 74, Val Acc: 70.63
Train [ 1154/11558]	Time  0.296	Data  0.005	Loss  0.244	Acc@1  92.56
20:01:12 Epoch 75, Val Acc: 70.86
Train [ 1154/11558]	Time  0.298	Data  0.006	Loss  0.237	Acc@1  92.76
20:07:18 Epoch 76, Val Acc: 71.47
Train [ 1154/11558]	Time  0.303	Data  0.011	Loss  0.221	Acc@1  93.22
20:13:29 Epoch 77, Val Acc: 72.5
Train [ 1154/11558]	Time  0.293	Data  0.001	Loss  0.222	Acc@1  93.24
20:19:29 Epoch 78, Val Acc: 72.08
Train [ 1154/11558]	Time  0.293	Data  0.001	Loss  0.203	Acc@1  93.99
20:25:29 Epoch 79, Val Acc: 70.84
Train [ 1154/11558]	Time  0.294	Data  0.002	Loss  0.182	Acc@1  94.58
20:31:30 Epoch 80, Val Acc: 72.21
Train [ 1154/11558]	Time  0.293	Data  0.001	Loss  0.172	Acc@1  94.83
20:37:30 Epoch 81, Val Acc: 73.53
20:37:52 Epoch 81, Test Acc: 73.51
Train [ 1154/11558]	Time  0.293	Data  0.001	Loss  0.161	Acc@1  95.17
20:43:53 Epoch 82, Val Acc: 73.36
Train [ 1154/11558]	Time  0.294	Data  0.001	Loss  0.153	Acc@1  95.41
20:49:53 Epoch 83, Val Acc: 72.78
Train [ 1154/11558]	Time  0.293	Data  0.001	Loss  0.144	Acc@1  95.75
20:55:53 Epoch 84, Val Acc: 73.08
Train [ 1154/11558]	Time  0.293	Data  0.001	Loss  0.135	Acc@1  96.00
21:01:53 Epoch 85, Val Acc: 73.51
Train [ 1154/11558]	Time  0.293	Data  0.001	Loss  0.132	Acc@1  96.14
21:07:52 Epoch 86, Val Acc: 73.77
21:08:11 Epoch 86, Test Acc: 73.89
Train [ 1154/11558]	Time  0.294	Data  0.002	Loss  0.126	Acc@1  96.11
21:14:12 Epoch 87, Val Acc: 73.61
Train [ 1154/11558]	Time  0.294	Data  0.002	Loss  0.122	Acc@1  96.36
21:20:14 Epoch 88, Val Acc: 74.16
21:20:31 Epoch 88, Test Acc: 73.99
Train [ 1154/11558]	Time  0.293	Data  0.001	Loss  0.120	Acc@1  96.49
21:26:31 Epoch 89, Val Acc: 74.1
Train [ 1154/11558]	Time  0.294	Data  0.002	Loss  0.107	Acc@1  96.83
21:32:32 Epoch 90, Val Acc: 73.81
Train [ 1154/11558]	Time  0.293	Data  0.001	Loss  0.106	Acc@1  96.84
21:38:33 Epoch 91, Val Acc: 73.76
Train [ 1154/11558]	Time  0.293	Data  0.001	Loss  0.107	Acc@1  96.84
21:44:33 Epoch 92, Val Acc: 73.69
Train [ 1154/11558]	Time  0.293	Data  0.002	Loss  0.110	Acc@1  96.77
21:50:33 Epoch 93, Val Acc: 73.03
Train [ 1154/11558]	Time  0.293	Data  0.001	Loss  0.111	Acc@1  96.69
21:56:33 Epoch 94, Val Acc: 73.37
Train [ 1154/11558]	Time  0.293	Data  0.001	Loss  0.112	Acc@1  96.68
22:02:32 Epoch 95, Val Acc: 73.58
Train [ 1154/11558]	Time  0.293	Data  0.001	Loss  0.109	Acc@1  96.89
22:08:32 Epoch 96, Val Acc: 73.18
Train [ 1154/11558]	Time  0.293	Data  0.001	Loss  0.106	Acc@1  96.84
22:14:32 Epoch 97, Val Acc: 73.46
Train [ 1154/11558]	Time  0.293	Data  0.001	Loss  0.108	Acc@1  96.82
22:20:32 Epoch 98, Val Acc: 73.44
Train [ 1154/11558]	Time  0.293	Data  0.001	Loss  0.112	Acc@1  96.76
22:26:32 Epoch 99, Val Acc: 73.84
Train [ 1154/11558]	Time  0.294	Data  0.002	Loss  0.099	Acc@1  97.16
22:32:33 Epoch 100, Val Acc: 73.73
Train [ 1154/11558]	Time  0.293	Data  0.001	Loss  0.097	Acc@1  97.17
22:38:33 Epoch 101, Val Acc: 73.61
Train [ 1154/11558]	Time  0.293	Data  0.001	Loss  0.102	Acc@1  97.07
22:44:32 Epoch 102, Val Acc: 73.58
Train [ 1154/11558]	Time  0.293	Data  0.001	Loss  0.100	Acc@1  97.03
22:50:32 Epoch 103, Val Acc: 73.61
Train [ 1154/11558]	Time  0.293	Data  0.001	Loss  0.102	Acc@1  97.00
22:56:32 Epoch 104, Val Acc: 73.41
Train [ 1154/11558]	Time  0.307	Data  0.015	Loss  0.098	Acc@1  97.03
23:02:48 Epoch 105, Val Acc: 73.56
Train [ 1154/11558]	Time  0.293	Data  0.001	Loss  0.102	Acc@1  96.97
23:08:48 Epoch 106, Val Acc: 73.33
Train [ 1154/11558]	Time  0.293	Data  0.001	Loss  0.101	Acc@1  97.07
23:14:48 Epoch 107, Val Acc: 73.88
Train [ 1154/11558]	Time  0.294	Data  0.003	Loss  0.102	Acc@1  97.08
23:20:49 Epoch 108, Val Acc: 73.3
Train [ 1154/11558]	Time  0.293	Data  0.001	Loss  0.099	Acc@1  97.05
23:26:49 Epoch 109, Val Acc: 74.0
Train [ 1154/11558]	Time  0.294	Data  0.002	Loss  0.084	Acc@1  97.60
23:32:50 Epoch 110, Val Acc: 73.68
Train [ 1154/11558]	Time  0.293	Data  0.001	Loss  0.088	Acc@1  97.45
23:38:49 Epoch 111, Val Acc: 73.32
Train [ 1154/11558]	Time  0.293	Data  0.001	Loss  0.089	Acc@1  97.35
23:44:49 Epoch 112, Val Acc: 74.09
Train [ 1154/11558]	Time  0.293	Data  0.001	Loss  0.090	Acc@1  97.45
23:50:49 Epoch 113, Val Acc: 73.53
Train [ 1154/11558]	Time  0.293	Data  0.001	Loss  0.091	Acc@1  97.36
23:56:48 Epoch 114, Val Acc: 73.68
Train [ 1154/11558]	Time  0.309	Data  0.018	Loss  0.084	Acc@1  97.54
00:03:07 Epoch 115, Val Acc: 73.34
Train [ 1154/11558]	Time  0.295	Data  0.003	Loss  0.085	Acc@1  97.50
00:09:09 Epoch 116, Val Acc: 73.94
Train [ 1154/11558]	Time  0.300	Data  0.008	Loss  0.085	Acc@1  97.57
00:15:17 Epoch 117, Val Acc: 73.76
Train [ 1154/11558]	Time  0.294	Data  0.001	Loss  0.084	Acc@1  97.61
00:21:18 Epoch 118, Val Acc: 73.72
Train [ 1154/11558]	Time  0.293	Data  0.001	Loss  0.082	Acc@1  97.59
00:27:19 Epoch 119, Val Acc: 73.2
Train [ 1154/11558]	Time  0.294	Data  0.002	Loss  0.069	Acc@1  97.96
00:33:20 Epoch 120, Val Acc: 73.8
Train [ 1154/11558]	Time  0.293	Data  0.001	Loss  0.073	Acc@1  97.92
00:39:19 Epoch 121, Val Acc: 74.05
Train [ 1154/11558]	Time  0.293	Data  0.001	Loss  0.070	Acc@1  98.07
00:45:19 Epoch 122, Val Acc: 73.97
Train [ 1154/11558]	Time  0.299	Data  0.007	Loss  0.067	Acc@1  98.07
00:51:26 Epoch 123, Val Acc: 73.97
Train [ 1154/11558]	Time  0.293	Data  0.001	Loss  0.069	Acc@1  98.04
00:57:26 Epoch 124, Val Acc: 73.72
Train [ 1154/11558]	Time  0.293	Data  0.001	Loss  0.070	Acc@1  98.01
01:03:26 Epoch 125, Val Acc: 74.25
01:03:45 Epoch 125, Test Acc: 74.11
Train [ 1154/11558]	Time  0.293	Data  0.001	Loss  0.067	Acc@1  98.07
01:09:46 Epoch 126, Val Acc: 73.74
Train [ 1154/11558]	Time  0.293	Data  0.001	Loss  0.064	Acc@1  98.12
01:15:46 Epoch 127, Val Acc: 73.78
Train [ 1154/11558]	Time  0.297	Data  0.005	Loss  0.065	Acc@1  98.12
01:21:49 Epoch 128, Val Acc: 74.26
01:22:06 Epoch 128, Test Acc: 73.93
Train [ 1154/11558]	Time  0.293	Data  0.001	Loss  0.063	Acc@1  98.21
01:28:06 Epoch 129, Val Acc: 73.79
Train [ 1154/11558]	Time  0.298	Data  0.006	Loss  0.054	Acc@1  98.51
01:34:12 Epoch 130, Val Acc: 73.95
Train [ 1154/11558]	Time  0.293	Data  0.001	Loss  0.054	Acc@1  98.51
01:40:12 Epoch 131, Val Acc: 73.73
Train [ 1154/11558]	Time  0.293	Data  0.001	Loss  0.050	Acc@1  98.62
01:46:11 Epoch 132, Val Acc: 73.98
Train [ 1154/11558]	Time  0.293	Data  0.001	Loss  0.053	Acc@1  98.58
01:52:11 Epoch 133, Val Acc: 73.9
Train [ 1154/11558]	Time  0.293	Data  0.001	Loss  0.051	Acc@1  98.63
01:58:11 Epoch 134, Val Acc: 74.01
Train [ 1154/11558]	Time  0.293	Data  0.001	Loss  0.052	Acc@1  98.59
02:04:10 Epoch 135, Val Acc: 74.03
Train [ 1154/11558]	Time  0.293	Data  0.001	Loss  0.050	Acc@1  98.59
02:10:10 Epoch 136, Val Acc: 74.04
Train [ 1154/11558]	Time  0.293	Data  0.001	Loss  0.047	Acc@1  98.70
02:16:09 Epoch 137, Val Acc: 73.81
Train [ 1154/11558]	Time  0.294	Data  0.002	Loss  0.048	Acc@1  98.69
02:22:10 Epoch 138, Val Acc: 73.97
Train [ 1154/11558]	Time  0.293	Data  0.001	Loss  0.047	Acc@1  98.69
02:28:10 Epoch 139, Val Acc: 74.11
Train [ 1154/11558]	Time  0.294	Data  0.002	Loss  0.044	Acc@1  98.84
02:34:11 Epoch 140, Val Acc: 73.99
Train [ 1154/11558]	Time  0.293	Data  0.001	Loss  0.042	Acc@1  98.92
02:40:11 Epoch 141, Val Acc: 74.07
Train [ 1154/11558]	Time  0.293	Data  0.001	Loss  0.043	Acc@1  98.80
02:46:11 Epoch 142, Val Acc: 74.28
02:46:30 Epoch 142, Test Acc: 74.21
Train [ 1154/11558]	Time  0.293	Data  0.001	Loss  0.044	Acc@1  98.81
02:52:30 Epoch 143, Val Acc: 74.17
Train [ 1154/11558]	Time  0.293	Data  0.001	Loss  0.042	Acc@1  98.94
02:58:29 Epoch 144, Val Acc: 74.06
Train [ 1154/11558]	Time  0.294	Data  0.002	Loss  0.041	Acc@1  98.91
03:04:29 Epoch 145, Val Acc: 74.09
Train [ 1154/11558]	Time  0.293	Data  0.001	Loss  0.041	Acc@1  98.95
03:10:29 Epoch 146, Val Acc: 74.04
Train [ 1154/11558]	Time  0.293	Data  0.001	Loss  0.043	Acc@1  98.83
03:16:29 Epoch 147, Val Acc: 74.11
Train [ 1154/11558]	Time  0.293	Data  0.001	Loss  0.042	Acc@1  98.93
03:22:28 Epoch 148, Val Acc: 74.14
Train [ 1154/11558]	Time  0.293	Data  0.001	Loss  0.042	Acc@1  98.89
03:28:27 Epoch 149, Val Acc: 74.07
03:28:27 Model1 Best Test Acc: 74.89520263671875
03:28:27 Model2 Best Test Acc: 74.21498107910156
03:29:09 Epoch 149, Val Acc with both models: 75.14
03:29:41 Epoch 149, Test Acc with both models: 75.07
Clothing1M best test acc: 75.067138671875
